{"/home/viktoria/frontend-project-46/src/index.js": {"path":"/home/viktoria/frontend-project-46/src/index.js","all":false,"statementMap":{"0":{"start":{"line":1,"column":0},"end":{"line":1,"column":21}},"1":{"start":{"line":2,"column":0},"end":{"line":2,"column":30}},"2":{"start":{"line":3,"column":0},"end":{"line":3,"column":24}},"3":{"start":{"line":4,"column":0},"end":{"line":4,"column":36}},"4":{"start":{"line":5,"column":0},"end":{"line":5,"column":22}},"5":{"start":{"line":6,"column":0},"end":{"line":6,"column":0}},"6":{"start":{"line":7,"column":0},"end":{"line":7,"column":0}},"7":{"start":{"line":8,"column":0},"end":{"line":8,"column":68}},"8":{"start":{"line":9,"column":0},"end":{"line":9,"column":0}},"9":{"start":{"line":10,"column":0},"end":{"line":10,"column":71}},"10":{"start":{"line":11,"column":0},"end":{"line":11,"column":0}},"11":{"start":{"line":12,"column":0},"end":{"line":12,"column":66}},"12":{"start":{"line":13,"column":0},"end":{"line":13,"column":0}},"13":{"start":{"line":14,"column":0},"end":{"line":14,"column":41}},"14":{"start":{"line":15,"column":0},"end":{"line":15,"column":34}},"15":{"start":{"line":16,"column":0},"end":{"line":16,"column":34}},"16":{"start":{"line":17,"column":0},"end":{"line":17,"column":41}},"17":{"start":{"line":18,"column":0},"end":{"line":18,"column":38}},"18":{"start":{"line":19,"column":0},"end":{"line":19,"column":25}},"19":{"start":{"line":20,"column":0},"end":{"line":20,"column":2}},"20":{"start":{"line":21,"column":0},"end":{"line":21,"column":0}},"21":{"start":{"line":22,"column":0},"end":{"line":22,"column":43}},"22":{"start":{"line":23,"column":0},"end":{"line":23,"column":33}},"23":{"start":{"line":24,"column":0},"end":{"line":24,"column":37}},"24":{"start":{"line":25,"column":0},"end":{"line":25,"column":41}},"25":{"start":{"line":26,"column":0},"end":{"line":26,"column":37}},"26":{"start":{"line":27,"column":0},"end":{"line":27,"column":41}},"27":{"start":{"line":28,"column":0},"end":{"line":28,"column":37}},"28":{"start":{"line":29,"column":0},"end":{"line":29,"column":2}},"29":{"start":{"line":30,"column":0},"end":{"line":30,"column":65}},"30":{"start":{"line":31,"column":0},"end":{"line":31,"column":2}},"31":{"start":{"line":32,"column":0},"end":{"line":32,"column":0}},"32":{"start":{"line":33,"column":0},"end":{"line":33,"column":63}},"33":{"start":{"line":34,"column":0},"end":{"line":34,"column":38}},"34":{"start":{"line":35,"column":0},"end":{"line":35,"column":38}},"35":{"start":{"line":36,"column":0},"end":{"line":36,"column":44}},"36":{"start":{"line":37,"column":0},"end":{"line":37,"column":44}},"37":{"start":{"line":38,"column":0},"end":{"line":38,"column":35}},"38":{"start":{"line":39,"column":0},"end":{"line":39,"column":35}},"39":{"start":{"line":40,"column":0},"end":{"line":40,"column":46}},"40":{"start":{"line":41,"column":0},"end":{"line":41,"column":46}},"41":{"start":{"line":42,"column":0},"end":{"line":42,"column":52}},"42":{"start":{"line":43,"column":0},"end":{"line":43,"column":19}},"43":{"start":{"line":44,"column":0},"end":{"line":44,"column":49}},"44":{"start":{"line":45,"column":0},"end":{"line":45,"column":58}},"45":{"start":{"line":46,"column":0},"end":{"line":46,"column":2}},"46":{"start":{"line":47,"column":0},"end":{"line":47,"column":36}},"47":{"start":{"line":48,"column":0},"end":{"line":48,"column":0}},"48":{"start":{"line":49,"column":0},"end":{"line":49,"column":2}},"49":{"start":{"line":50,"column":0},"end":{"line":50,"column":0}},"50":{"start":{"line":51,"column":0},"end":{"line":51,"column":23}}},"s":{"0":1,"1":1,"2":1,"3":1,"4":1,"5":1,"6":1,"7":1,"8":1,"9":1,"10":1,"11":1,"12":1,"13":1,"14":1,"15":1,"16":1,"17":1,"18":1,"19":1,"20":1,"21":1,"22":5,"23":1,"24":5,"25":2,"26":2,"27":1,"28":1,"29":1,"30":1,"31":1,"32":1,"33":1,"34":1,"35":1,"36":1,"37":1,"38":1,"39":1,"40":1,"41":1,"42":1,"43":1,"44":5,"45":5,"46":1,"47":1,"48":1,"49":1,"50":1},"branchMap":{"0":{"type":"branch","line":8,"loc":{"start":{"line":8,"column":17},"end":{"line":8,"column":67}},"locations":[{"start":{"line":8,"column":17},"end":{"line":8,"column":67}}]},"1":{"type":"branch","line":10,"loc":{"start":{"line":10,"column":22},"end":{"line":10,"column":70}},"locations":[{"start":{"line":10,"column":22},"end":{"line":10,"column":70}}]},"2":{"type":"branch","line":12,"loc":{"start":{"line":12,"column":18},"end":{"line":12,"column":65}},"locations":[{"start":{"line":12,"column":18},"end":{"line":12,"column":65}}]},"3":{"type":"branch","line":14,"loc":{"start":{"line":14,"column":22},"end":{"line":20,"column":2}},"locations":[{"start":{"line":14,"column":22},"end":{"line":20,"column":2}}]},"4":{"type":"branch","line":22,"loc":{"start":{"line":22,"column":19},"end":{"line":31,"column":2}},"locations":[{"start":{"line":22,"column":19},"end":{"line":31,"column":2}}]},"5":{"type":"branch","line":23,"loc":{"start":{"line":23,"column":32},"end":{"line":25,"column":2}},"locations":[{"start":{"line":23,"column":32},"end":{"line":25,"column":2}}]},"6":{"type":"branch","line":25,"loc":{"start":{"line":25,"column":2},"end":{"line":29,"column":2}},"locations":[{"start":{"line":25,"column":2},"end":{"line":29,"column":2}}]},"7":{"type":"branch","line":25,"loc":{"start":{"line":25,"column":40},"end":{"line":29,"column":2}},"locations":[{"start":{"line":25,"column":40},"end":{"line":29,"column":2}}]},"8":{"type":"branch","line":27,"loc":{"start":{"line":27,"column":40},"end":{"line":29,"column":2}},"locations":[{"start":{"line":27,"column":40},"end":{"line":29,"column":2}}]},"9":{"type":"branch","line":29,"loc":{"start":{"line":29,"column":1},"end":{"line":31,"column":2}},"locations":[{"start":{"line":29,"column":1},"end":{"line":31,"column":2}}]},"10":{"type":"branch","line":33,"loc":{"start":{"line":33,"column":16},"end":{"line":49,"column":2}},"locations":[{"start":{"line":33,"column":16},"end":{"line":49,"column":2}}]},"11":{"type":"branch","line":44,"loc":{"start":{"line":44,"column":48},"end":{"line":46,"column":2}},"locations":[{"start":{"line":44,"column":48},"end":{"line":46,"column":2}}]}},"b":{"0":[2],"1":[2],"2":[2],"3":[1],"4":[5],"5":[1],"6":[4],"7":[2],"8":[1],"9":[1],"10":[1],"11":[5]},"fnMap":{"0":{"name":"getPath","decl":{"start":{"line":8,"column":17},"end":{"line":8,"column":67}},"loc":{"start":{"line":8,"column":17},"end":{"line":8,"column":67}},"line":8},"1":{"name":"getExtension","decl":{"start":{"line":10,"column":22},"end":{"line":10,"column":70}},"loc":{"start":{"line":10,"column":22},"end":{"line":10,"column":70}},"line":10},"2":{"name":"readFile","decl":{"start":{"line":12,"column":18},"end":{"line":12,"column":65}},"loc":{"start":{"line":12,"column":18},"end":{"line":12,"column":65}},"line":12},"3":{"name":"getListOfKeys","decl":{"start":{"line":14,"column":22},"end":{"line":20,"column":2}},"loc":{"start":{"line":14,"column":22},"end":{"line":20,"column":2}},"line":14},"4":{"name":"checkValue","decl":{"start":{"line":22,"column":19},"end":{"line":31,"column":2}},"loc":{"start":{"line":22,"column":19},"end":{"line":31,"column":2}},"line":22},"5":{"name":"gendiff","decl":{"start":{"line":33,"column":16},"end":{"line":49,"column":2}},"loc":{"start":{"line":33,"column":16},"end":{"line":49,"column":2}},"line":33}},"f":{"0":2,"1":2,"2":2,"3":1,"4":5,"5":1}}
,"/home/viktoria/frontend-project-46/src/parser.js": {"path":"/home/viktoria/frontend-project-46/src/parser.js","all":false,"statementMap":{"0":{"start":{"line":1,"column":0},"end":{"line":1,"column":37}},"1":{"start":{"line":2,"column":0},"end":{"line":2,"column":17}},"2":{"start":{"line":3,"column":0},"end":{"line":3,"column":14}},"3":{"start":{"line":4,"column":0},"end":{"line":4,"column":26}},"4":{"start":{"line":5,"column":0},"end":{"line":5,"column":2}},"5":{"start":{"line":6,"column":0},"end":{"line":6,"column":1}},"6":{"start":{"line":7,"column":0},"end":{"line":7,"column":0}},"7":{"start":{"line":8,"column":0},"end":{"line":8,"column":25}}},"s":{"0":1,"1":2,"2":2,"3":2,"4":2,"5":2,"6":1,"7":1},"branchMap":{"0":{"type":"branch","line":1,"loc":{"start":{"line":1,"column":18},"end":{"line":6,"column":1}},"locations":[{"start":{"line":1,"column":18},"end":{"line":6,"column":1}}]}},"b":{"0":[2]},"fnMap":{"0":{"name":"getObject","decl":{"start":{"line":1,"column":18},"end":{"line":6,"column":1}},"loc":{"start":{"line":1,"column":18},"end":{"line":6,"column":1}},"line":1}},"f":{"0":2}}
}
