TN:
SF:src/index.js
FN:8,getPath
FN:10,getExtension
FN:12,readFile
FN:14,getListOfKeys
FN:22,checkValue
FN:33,gendiff
FNF:6
FNH:6
FNDA:5,getPath
FNDA:4,getExtension
FNDA:4,readFile
FNDA:2,getListOfKeys
FNDA:10,checkValue
FNDA:3,gendiff
DA:1,1
DA:2,1
DA:3,1
DA:4,1
DA:5,1
DA:6,1
DA:7,1
DA:8,1
DA:9,1
DA:10,1
DA:11,1
DA:12,1
DA:13,1
DA:14,1
DA:15,2
DA:16,2
DA:17,2
DA:18,2
DA:19,2
DA:20,2
DA:21,1
DA:22,1
DA:23,10
DA:24,2
DA:25,10
DA:26,4
DA:27,4
DA:28,2
DA:29,2
DA:30,2
DA:31,2
DA:32,1
DA:33,1
DA:34,3
DA:35,3
DA:36,3
DA:37,3
DA:38,3
DA:39,3
DA:40,3
DA:41,3
DA:42,3
DA:43,3
DA:44,3
DA:45,10
DA:46,10
DA:47,2
DA:48,2
DA:49,2
DA:50,1
DA:51,1
DA:52,1
DA:53,1
DA:54,1
LF:54
LH:54
BRDA:8,0,0,5
BRDA:10,1,0,4
BRDA:12,2,0,4
BRDA:14,3,0,2
BRDA:22,4,0,10
BRDA:23,5,0,2
BRDA:25,6,0,8
BRDA:25,7,0,4
BRDA:27,8,0,2
BRDA:29,9,0,2
BRDA:33,10,0,3
BRDA:44,11,0,10
BRDA:46,12,0,2
BRF:13
BRH:13
end_of_record
TN:
SF:src/parser.js
FN:1,getObject
FNF:1
FNH:1
FNDA:4,getObject
DA:1,1
DA:2,4
DA:3,4
DA:4,4
DA:5,4
DA:6,4
DA:7,1
DA:8,1
LF:8
LH:8
BRDA:1,0,0,4
BRF:1
BRH:1
end_of_record
