TN:
SF:src/index.js
FN:8,getPath
FN:10,getExtension
FN:12,readFile
FN:14,getListOfKeys
FN:22,checkValue
FN:33,gendiff
FNF:6
FNH:6
FNDA:2,getPath
FNDA:2,getExtension
FNDA:2,readFile
FNDA:1,getListOfKeys
FNDA:5,checkValue
FNDA:1,gendiff
DA:1,1
DA:2,1
DA:3,1
DA:4,1
DA:5,1
DA:6,1
DA:7,1
DA:8,1
DA:9,1
DA:10,1
DA:11,1
DA:12,1
DA:13,1
DA:14,1
DA:15,1
DA:16,1
DA:17,1
DA:18,1
DA:19,1
DA:20,1
DA:21,1
DA:22,1
DA:23,5
DA:24,1
DA:25,5
DA:26,2
DA:27,2
DA:28,1
DA:29,1
DA:30,1
DA:31,1
DA:32,1
DA:33,1
DA:34,1
DA:35,1
DA:36,1
DA:37,1
DA:38,1
DA:39,1
DA:40,1
DA:41,1
DA:42,1
DA:43,1
DA:44,1
DA:45,5
DA:46,5
DA:47,1
DA:48,1
DA:49,1
DA:50,1
DA:51,1
LF:51
LH:51
BRDA:8,0,0,2
BRDA:10,1,0,2
BRDA:12,2,0,2
BRDA:14,3,0,1
BRDA:22,4,0,5
BRDA:23,5,0,1
BRDA:25,6,0,4
BRDA:25,7,0,2
BRDA:27,8,0,1
BRDA:29,9,0,1
BRDA:33,10,0,1
BRDA:44,11,0,5
BRF:12
BRH:12
end_of_record
TN:
SF:src/parser.js
FN:1,getObject
FNF:1
FNH:1
FNDA:2,getObject
DA:1,1
DA:2,2
DA:3,2
DA:4,2
DA:5,2
DA:6,2
DA:7,1
DA:8,1
LF:8
LH:8
BRDA:1,0,0,2
BRF:1
BRH:1
end_of_record
